On branch master
Your branch is up to date with 'origin/master'.

Untracked files:
	.local.git.out

nothing added to commit but untracked files present
On branch master
Your branch is up to date with 'origin/master'.

Untracked files:
	.local.git.out

nothing added to commit but untracked files present
On branch master
Your branch is up to date with 'origin/master'.

Untracked files:
	.local.git.out

nothing added to commit but untracked files present
On branch master
Your branch is up to date with 'origin/master'.

Untracked files:
	.local.git.out

nothing added to commit but untracked files present
[master 3f3a9fd] Lab 2 commit
 2 files changed, 20 insertions(+), 1 deletion(-)
On branch master
Your branch is up to date with 'origin/master'.

Untracked files:
	.local.git.out
	testfile

nothing added to commit but untracked files present
[master ae98389] Lab 2 commit
 1 file changed, 6 insertions(+)
On branch master
Your branch is up to date with 'origin/master'.

Untracked files:
	.local.git.out
	testfile

nothing added to commit but untracked files present
[master ea1c3bb] Lab 2 commit
 1 file changed, 1 insertion(+), 1 deletion(-)
[master a01a887] Lab 2 commit
 1 file changed, 1 insertion(+), 1 deletion(-)
[master a5e5ea2] Lab 2 commit
 1 file changed, 1 insertion(+), 1 deletion(-)
[master 5664133] Lab 2 commit
 1 file changed, 1 insertion(+), 1 deletion(-)
[master 337f0cf] Lab 2 commit
 1 file changed, 1 insertion(+), 1 deletion(-)
[master fc8fa61] Lab 2 commit
 1 file changed, 1 insertion(+), 1 deletion(-)
[master b62974e] Lab 2 commit
 1 file changed, 1 insertion(+), 1 deletion(-)
[master a668119] Lab 2 commit
 1 file changed, 1 insertion(+), 1 deletion(-)
[master 5717bc8] Lab 2 commit
 1 file changed, 1 insertion(+), 1 deletion(-)
[master cba422d] Lab 2 commit
 1 file changed, 1 insertion(+), 1 deletion(-)
[master fb9d4c0] Lab 2 commit
 1 file changed, 6 insertions(+)
[master 9f61ba5] Lab 2 commit
 1 file changed, 6 insertions(+)
[master 560810d] Lab 2 commit
 1 file changed, 3 insertions(+)
[master a2dfc2f] Lab 2 commit
 1 file changed, 1 insertion(+)
[master f6c0393] Lab 2 commit
 1 file changed, 2 insertions(+)
[master a736326] Lab 2 commit
 1 file changed, 2 insertions(+)
[master e098d95] Lab 2 commit
 1 file changed, 5 insertions(+), 1 deletion(-)
On branch master
Your branch is up to date with 'origin/master'.

Untracked files:
	.local.git.out
	testfile

nothing added to commit but untracked files present
[master 6546791] Lab 2 commit
 1 file changed, 3 insertions(+), 1 deletion(-)
[master 7aeee47] Lab 2 commit
 1 file changed, 2 insertions(+), 1 deletion(-)
[master f90d17b] Lab 2 commit
 1 file changed, 3 insertions(+), 1 deletion(-)
[master 2ad026b] Lab 2 commit
 1 file changed, 2 insertions(+)
[master a463b6c] Lab 2 commit
 1 file changed, 1 insertion(+), 1 deletion(-)
[master cb7bc36] Lab 2 commit
 1 file changed, 1 insertion(+), 1 deletion(-)
[master 92c9f2f] Lab 2 commit
 1 file changed, 1 deletion(-)
[master 866d774] Lab 2 commit
 1 file changed, 1 insertion(+)
[master 1cc705f] Lab 2 commit
 1 file changed, 1 insertion(+)
[master 3f7a3dd] Lab 2 commit
 1 file changed, 1 insertion(+)
[master c61f0df] Lab 2 commit
 1 file changed, 1 insertion(+)
[master ef70b8c] Lab 2 commit
 1 file changed, 6 insertions(+)
[master afeb743] Lab 2 commit
 1 file changed, 1 insertion(+), 1 deletion(-)
[master 14477c4] Lab 2 commit
 1 file changed, 1 insertion(+), 1 deletion(-)
[master 78af7f8] Lab 2 commit
 1 file changed, 1 insertion(+), 1 deletion(-)
[master 3a61dd3] Lab 2 commit
 1 file changed, 1 insertion(+), 1 deletion(-)
[master f6a28b8] Lab 2 commit
 1 file changed, 3 insertions(+)
On branch master
Your branch is up to date with 'origin/master'.

Untracked files:
	.local.git.out
	testfile

nothing added to commit but untracked files present
On branch master
Your branch is up to date with 'origin/master'.

Untracked files:
	.local.git.out
	testfile

nothing added to commit but untracked files present
[master ac7f74a] Lab 2 commit
 1 file changed, 2 insertions(+)
[master c8bc20f] Lab 2 commit
 1 file changed, 1 insertion(+), 1 deletion(-)
[master eb74d9f] Lab 2 commit
 1 file changed, 3 insertions(+)
[master aa5a480] Lab 2 commit
 1 file changed, 2 insertions(+), 2 deletions(-)
[master e0aee8a] Lab 2 commit
 1 file changed, 1 insertion(+), 1 deletion(-)
[master 98de44d] Lab 2 commit
 1 file changed, 3 insertions(+)
[master 2df3c5e] Lab 2 commit
 1 file changed, 3 insertions(+)
[master 187a755] Lab 2 commit
 1 file changed, 3 insertions(+)
[master 3f8ded0] Lab 2 commit
 1 file changed, 1 insertion(+), 1 deletion(-)
